<?xml version="1.0" encoding="UTF-8"?>
<testng-results ignored="0" total="3" passed="3" failed="0" skipped="0">
  <reporter-output>
  </reporter-output>
  <suite started-at="2023-06-24T15:42:43 IST" name="Suite" finished-at="2023-06-24T15:43:30 IST" duration-ms="46675">
    <groups>
    </groups>
    <test started-at="2023-06-24T15:42:43 IST" name="Test" finished-at="2023-06-24T15:43:30 IST" duration-ms="46675">
      <class name="Main.TestCases">
        <test-method is-config="true" signature="driverSetUp()[pri:0, instance:Main.TestCases@62379589]" started-at="2023-06-24T15:42:43 IST" name="driverSetUp" finished-at="2023-06-24T15:42:54 IST" duration-ms="10393" status="PASS">
          <reporter-output>
          </reporter-output>
        </test-method> <!-- driverSetUp -->
        <test-method signature="test1()[pri:0, instance:Main.TestCases@62379589]" started-at="2023-06-24T15:42:54 IST" name="test1" finished-at="2023-06-24T15:43:00 IST" duration-ms="6079" status="PASS">
          <reporter-output>
          </reporter-output>
        </test-method> <!-- test1 -->
        <test-method signature="test2()[pri:0, instance:Main.TestCases@62379589]" started-at="2023-06-24T15:43:00 IST" name="test2" finished-at="2023-06-24T15:43:12 IST" depends-on-methods="Main.TestCases.test1" duration-ms="11778" status="PASS">
          <reporter-output>
          </reporter-output>
        </test-method> <!-- test2 -->
        <test-method signature="test3()[pri:0, instance:Main.TestCases@62379589]" started-at="2023-06-24T15:43:12 IST" name="test3" finished-at="2023-06-24T15:43:28 IST" depends-on-methods="Main.TestCases.test2" duration-ms="16490" status="PASS">
          <reporter-output>
          </reporter-output>
        </test-method> <!-- test3 -->
        <test-method is-config="true" signature="closeDriver()[pri:0, instance:Main.TestCases@62379589]" started-at="2023-06-24T15:43:28 IST" name="closeDriver" finished-at="2023-06-24T15:43:30 IST" duration-ms="1868" status="PASS">
          <reporter-output>
          </reporter-output>
        </test-method> <!-- closeDriver -->
      </class> <!-- Main.TestCases -->
    </test> <!-- Test -->
  </suite> <!-- Suite -->
</testng-results>
