<?xml version="1.0" encoding="UTF-8"?>
<testng-results ignored="0" total="6" passed="6" failed="0" skipped="0">
  <reporter-output>
  </reporter-output>
  <suite started-at="2023-06-27T11:36:12 IST" name="Suite" finished-at="2023-06-27T11:37:48 IST" duration-ms="96211">
    <groups>
    </groups>
    <test started-at="2023-06-27T11:36:12 IST" name="ChromeTest" finished-at="2023-06-27T11:36:57 IST" duration-ms="44690">
      <class name="Main.TestCases">
        <test-method is-config="true" signature="driverSetUp(java.lang.String)[pri:0, instance:Main.TestCases@7c7a06ec]" started-at="2023-06-27T11:36:12 IST" name="driverSetUp" finished-at="2023-06-27T11:36:26 IST" duration-ms="13547" status="PASS">
          <params>
            <param index="0">
              <value>
                <![CDATA[chrome]]>
              </value>
            </param>
          </params>
          <reporter-output>
          </reporter-output>
        </test-method> <!-- driverSetUp -->
        <test-method signature="test1()[pri:0, instance:Main.TestCases@7c7a06ec]" started-at="2023-06-27T11:36:26 IST" name="test1" finished-at="2023-06-27T11:36:35 IST" duration-ms="9216" status="PASS">
          <reporter-output>
          </reporter-output>
        </test-method> <!-- test1 -->
        <test-method signature="test2()[pri:0, instance:Main.TestCases@7c7a06ec]" started-at="2023-06-27T11:36:35 IST" name="test2" finished-at="2023-06-27T11:36:39 IST" depends-on-methods="Main.TestCases.test1" duration-ms="3884" status="PASS">
          <reporter-output>
          </reporter-output>
        </test-method> <!-- test2 -->
        <test-method signature="test3()[pri:0, instance:Main.TestCases@7c7a06ec]" started-at="2023-06-27T11:36:39 IST" name="test3" finished-at="2023-06-27T11:36:55 IST" depends-on-methods="Main.TestCases.test2" duration-ms="15608" status="PASS">
          <reporter-output>
          </reporter-output>
        </test-method> <!-- test3 -->
        <test-method is-config="true" signature="closeDriver()[pri:0, instance:Main.TestCases@7c7a06ec]" started-at="2023-06-27T11:36:55 IST" name="closeDriver" finished-at="2023-06-27T11:36:57 IST" duration-ms="2367" status="PASS">
          <reporter-output>
          </reporter-output>
        </test-method> <!-- closeDriver -->
      </class> <!-- Main.TestCases -->
    </test> <!-- ChromeTest -->
    <test started-at="2023-06-27T11:36:57 IST" name="EdgeTest" finished-at="2023-06-27T11:37:48 IST" duration-ms="51495">
      <class name="Main.TestCases">
        <test-method is-config="true" signature="driverSetUp(java.lang.String)[pri:0, instance:Main.TestCases@3d285d7e]" started-at="2023-06-27T11:36:57 IST" name="driverSetUp" finished-at="2023-06-27T11:37:06 IST" duration-ms="8878" status="PASS">
          <params>
            <param index="0">
              <value>
                <![CDATA[Edge]]>
              </value>
            </param>
          </params>
          <reporter-output>
          </reporter-output>
        </test-method> <!-- driverSetUp -->
        <test-method signature="test1()[pri:0, instance:Main.TestCases@3d285d7e]" started-at="2023-06-27T11:37:06 IST" name="test1" finished-at="2023-06-27T11:37:16 IST" duration-ms="10138" status="PASS">
          <reporter-output>
          </reporter-output>
        </test-method> <!-- test1 -->
        <test-method signature="test2()[pri:0, instance:Main.TestCases@3d285d7e]" started-at="2023-06-27T11:37:16 IST" name="test2" finished-at="2023-06-27T11:37:27 IST" depends-on-methods="Main.TestCases.test1" duration-ms="10632" status="PASS">
          <reporter-output>
          </reporter-output>
        </test-method> <!-- test2 -->
        <test-method signature="test3()[pri:0, instance:Main.TestCases@3d285d7e]" started-at="2023-06-27T11:37:27 IST" name="test3" finished-at="2023-06-27T11:37:45 IST" depends-on-methods="Main.TestCases.test2" duration-ms="17995" status="PASS">
          <reporter-output>
          </reporter-output>
        </test-method> <!-- test3 -->
        <test-method is-config="true" signature="closeDriver()[pri:0, instance:Main.TestCases@3d285d7e]" started-at="2023-06-27T11:37:45 IST" name="closeDriver" finished-at="2023-06-27T11:37:48 IST" duration-ms="3840" status="PASS">
          <reporter-output>
          </reporter-output>
        </test-method> <!-- closeDriver -->
      </class> <!-- Main.TestCases -->
    </test> <!-- EdgeTest -->
  </suite> <!-- Suite -->
</testng-results>
